[debug] [2024-10-17T04:25:10.333Z] ----------------------------------------------------------------------
[debug] [2024-10-17T04:25:10.336Z] Command:       /usr/local/bin/node /usr/local/bin/firebase deploy
[debug] [2024-10-17T04:25:10.336Z] CLI Version:   13.16.0
[debug] [2024-10-17T04:25:10.336Z] Platform:      darwin
[debug] [2024-10-17T04:25:10.337Z] Node Version:  v20.15.0
[debug] [2024-10-17T04:25:10.337Z] Time:          Thu Oct 17 2024 09:55:10 GMT+0530 (India Standard Time)
[debug] [2024-10-17T04:25:10.337Z] ----------------------------------------------------------------------
[debug] 
[debug] [2024-10-17T04:25:10.340Z] >>> [apiv2][query] GET https://firebase-public.firebaseio.com/cli.json [none]
[debug] [2024-10-17T04:25:10.455Z] > command requires scopes: ["email","openid","https://www.googleapis.com/auth/cloudplatformprojects.readonly","https://www.googleapis.com/auth/firebase","https://www.googleapis.com/auth/cloud-platform"]
[debug] [2024-10-17T04:25:10.455Z] > authorizing via signed-in user (sadam@imsolutions.mobi)
[debug] [2024-10-17T04:25:10.456Z] [iam] checking project dr-shabeer-ahmed for permissions ["firebase.projects.get","firebasehosting.sites.update"]
[debug] [2024-10-17T04:25:10.456Z] > refreshing access token with scopes: []
[debug] [2024-10-17T04:25:10.457Z] >>> [apiv2][query] POST https://www.googleapis.com/oauth2/v3/token [none]
[debug] [2024-10-17T04:25:10.457Z] >>> [apiv2][body] POST https://www.googleapis.com/oauth2/v3/token [omitted]
[debug] [2024-10-17T04:25:11.001Z] <<< [apiv2][status] POST https://www.googleapis.com/oauth2/v3/token 200
[debug] [2024-10-17T04:25:11.002Z] <<< [apiv2][body] POST https://www.googleapis.com/oauth2/v3/token [omitted]
[debug] [2024-10-17T04:25:11.066Z] >>> [apiv2][query] POST https://cloudresourcemanager.googleapis.com/v1/projects/dr-shabeer-ahmed:testIamPermissions [none]
[debug] [2024-10-17T04:25:11.066Z] >>> [apiv2][(partial)header] POST https://cloudresourcemanager.googleapis.com/v1/projects/dr-shabeer-ahmed:testIamPermissions x-goog-quota-user=projects/dr-shabeer-ahmed
[debug] [2024-10-17T04:25:11.066Z] >>> [apiv2][body] POST https://cloudresourcemanager.googleapis.com/v1/projects/dr-shabeer-ahmed:testIamPermissions {"permissions":["firebase.projects.get","firebasehosting.sites.update"]}
[debug] [2024-10-17T04:25:11.235Z] <<< [apiv2][status] GET https://firebase-public.firebaseio.com/cli.json 200
[debug] [2024-10-17T04:25:11.236Z] <<< [apiv2][body] GET https://firebase-public.firebaseio.com/cli.json {"cloudBuildErrorAfter":1594252800000,"cloudBuildWarnAfter":1590019200000,"defaultNode10After":1594252800000,"minVersion":"3.0.5","node8DeploysDisabledAfter":1613390400000,"node8RuntimeDisabledAfter":1615809600000,"node8WarnAfter":1600128000000}
[debug] [2024-10-17T04:25:13.088Z] <<< [apiv2][status] POST https://cloudresourcemanager.googleapis.com/v1/projects/dr-shabeer-ahmed:testIamPermissions 200
[debug] [2024-10-17T04:25:13.088Z] <<< [apiv2][body] POST https://cloudresourcemanager.googleapis.com/v1/projects/dr-shabeer-ahmed:testIamPermissions {}
[debug] [2024-10-17T04:25:13.088Z] [iam] error while checking permissions, command may fail: FirebaseError: Authorization failed. This account is missing the following required permissions on project dr-shabeer-ahmed:

  firebase.projects.get
  firebasehosting.sites.update
[debug] [2024-10-17T04:25:13.090Z] >>> [apiv2][query] GET https://firebase.googleapis.com/v1beta1/projects/dr-shabeer-ahmed [none]
[debug] [2024-10-17T04:25:14.700Z] <<< [apiv2][status] GET https://firebase.googleapis.com/v1beta1/projects/dr-shabeer-ahmed 403
[debug] [2024-10-17T04:25:14.700Z] <<< [apiv2][body] GET https://firebase.googleapis.com/v1beta1/projects/dr-shabeer-ahmed {"error":{"code":403,"message":"The caller does not have permission","status":"PERMISSION_DENIED"}}
[debug] [2024-10-17T04:25:14.701Z] HTTP Error: 403, The caller does not have permission
[debug] [2024-10-17T04:25:15.140Z] FirebaseError: HTTP Error: 403, The caller does not have permission
    at responseToError (/usr/local/lib/node_modules/firebase-tools/lib/responseToError.js:49:12)
    at RetryOperation._fn (/usr/local/lib/node_modules/firebase-tools/lib/apiv2.js:305:77)
    at process.processTicksAndRejections (node:internal/process/task_queues:95:5)
[error] 
[error] Error: Failed to get Firebase project dr-shabeer-ahmed. Please make sure the project exists and your account has permission to access it.
